<?xml version="1.0" encoding="UTF-8"?>
<!-- Generated by org.testng.reporters.JUnitReportReporter -->
<testsuite hostname="USHYDGOPRAVE01" failures="0" tests="2" name="testCases.TC001_AccountRegistaration" time="24.502" errors="0" timestamp="2025-04-08T12:52:44 IST" skipped="0">
  <testcase classname="testCases.TC001_AccountRegistaration" name="Registration" time="12.891"/>
  <testcase classname="testCases.TC001_AccountRegistaration" name="registrationErrorMessagesValidation" time="11.611"/>
</testsuite> <!-- testCases.TC001_AccountRegistaration -->
