<?xml version="1.0" encoding="UTF-8"?>
<!-- Generated by org.testng.reporters.JUnitReportReporter -->
<testsuite hostname="USHYDGOPRAVE01" failures="0" tests="1" name="testCases.TC002_Login" time="3.782" errors="0" timestamp="2025-04-02T13:53:01 IST" skipped="0">
  <testcase classname="testCases.TC002_Login" name="loginTest" time="3.782"/>
</testsuite> <!-- testCases.TC002_Login -->
