<?xml version="1.0" encoding="UTF-8"?>
<!-- Generated by org.testng.reporters.JUnitReportReporter -->
<testsuite hostname="USHYDGOPRAVE01" failures="0" tests="2" name="testCases.TC001_AccountRegistaration" time="17.928" errors="0" timestamp="2025-04-08T13:04:41 IST" skipped="0">
  <testcase classname="testCases.TC001_AccountRegistaration" name="Registration" time="9.190"/>
  <testcase classname="testCases.TC001_AccountRegistaration" name="registrationErrorMessagesValidation" time="8.738"/>
</testsuite> <!-- testCases.TC001_AccountRegistaration -->
