<?xml version="1.0" encoding="UTF-8"?>
<!-- Generated by org.testng.reporters.JUnitReportReporter -->
<testsuite hostname="USHYDGOPRAVE01" failures="0" tests="1" name="testCases.TC004_Add_Iteeam_To_Cart" time="13.522" errors="0" timestamp="2025-04-08T17:34:38 IST" skipped="0">
  <testcase classname="testCases.TC004_Add_Iteeam_To_Cart" name="searchProduct" time="13.522"/>
</testsuite> <!-- testCases.TC004_Add_Iteeam_To_Cart -->
