<?xml version="1.0" encoding="UTF-8"?>
<!-- Generated by org.testng.reporters.JUnitReportReporter -->
<testsuite hostname="USHYDGOPRAVE01" failures="0" tests="2" name="testCases.TC001_AccountRegistaration" time="18.844" errors="0" timestamp="2025-04-08T17:34:38 IST" skipped="0">
  <testcase classname="testCases.TC001_AccountRegistaration" name="Registration" time="10.080"/>
  <testcase classname="testCases.TC001_AccountRegistaration" name="registrationErrorMessagesValidation" time="8.764"/>
</testsuite> <!-- testCases.TC001_AccountRegistaration -->
