<?xml version="1.0" encoding="UTF-8"?>
<!-- Generated by org.testng.reporters.JUnitReportReporter -->
<testsuite hostname="USHYDGOPRAVE01" failures="0" tests="1" name="testCases.TC004_Add_Iteeam_To_Cart" time="3.818" errors="0" timestamp="2025-04-02T14:32:25 IST" skipped="0">
  <testcase classname="testCases.TC004_Add_Iteeam_To_Cart" name="searchProduct" time="3.818"/>
</testsuite> <!-- testCases.TC004_Add_Iteeam_To_Cart -->
