<?xml version="1.0" encoding="UTF-8"?>
<!-- Generated by org.testng.reporters.JUnitReportReporter -->
<testsuite hostname="USHYDGOPRAVE01" failures="0" tests="4" name="testCases.TC003_DataProvideLogin" time="57.511" errors="0" timestamp="2025-04-08T18:02:01 IST" skipped="0">
  <testcase classname="testCases.TC003_DataProvideLogin" name="dpLogin" time="9.332"/>
  <testcase classname="testCases.TC003_DataProvideLogin" name="dpLogin" time="19.574"/>
  <testcase classname="testCases.TC003_DataProvideLogin" name="dpLogin" time="18.602"/>
  <testcase classname="testCases.TC003_DataProvideLogin" name="dpLogin" time="10.003"/>
</testsuite> <!-- testCases.TC003_DataProvideLogin -->
