<?xml version="1.0" encoding="UTF-8"?>
<!-- Generated by org.testng.reporters.JUnitReportReporter -->
<testsuite hostname="USHYDGOPRAVE01" failures="0" tests="1" name="testCases.TC002_Login" time="4.706" errors="0" timestamp="2025-03-27T16:27:34 IST" skipped="0">
  <testcase classname="testCases.TC002_Login" name="loginTest" time="4.706"/>
</testsuite> <!-- testCases.TC002_Login -->
