<?xml version="1.0" encoding="UTF-8"?>
<!-- Generated by org.testng.reporters.JUnitReportReporter -->
<testsuite hostname="USHYDGOPRAVE01" failures="0" tests="1" name="testCases.TC001_AccountRegistaration" time="2.783" errors="0" timestamp="2025-03-27T16:27:34 IST" skipped="0">
  <testcase classname="testCases.TC001_AccountRegistaration" name="Registration" time="2.783"/>
</testsuite> <!-- testCases.TC001_AccountRegistaration -->
