<?xml version="1.0" encoding="UTF-8"?>
<!-- Generated by org.testng.reporters.JUnitReportReporter -->
<testsuite hostname="USHYDGOPRAVE01" failures="0" tests="1" name="testCases.TC001_AccountRegistaration" time="2.550" errors="0" timestamp="2025-04-04T15:59:59 IST" skipped="0">
  <testcase classname="testCases.TC001_AccountRegistaration" name="Registration" time="2.550"/>
</testsuite> <!-- testCases.TC001_AccountRegistaration -->
